<?xml version="1.0" encoding="UTF-8"?>
<!-- Generated by org.testng.reporters.JUnitReportReporter -->
<testsuite skipped="0" hostname="SVRODK00097" name="API.GetUsers" tests="1" failures="0" timestamp="26 Jul 2018 14:30:14 GMT" time="2.011" errors="0">
  <testcase name="createUser" time="2.011" classname="API.GetUsers"/>
</testsuite> <!-- API.GetUsers -->
