<?xml version="1.0" encoding="UTF-8"?>
<!-- Generated by org.testng.reporters.JUnitReportReporter -->
<testsuite skipped="0" hostname="SVRODK00097" name="test.sv.SearchTextValidationTest" tests="1" failures="0" timestamp="25 Jul 2018 12:00:30 GMT" time="7.354" errors="0">
  <testcase name="searchTextValidationTest" time="7.354" classname="test.sv.SearchTextValidationTest"/>
</testsuite> <!-- test.sv.SearchTextValidationTest -->
