<?xml version="1.0" encoding="UTF-8"?>
<!-- Generated by org.testng.reporters.JUnitReportReporter -->
<testsuite skipped="0" hostname="SVRODK00097" name="softvision.testNG.LoginTest" tests="1" failures="0" timestamp="19 Jul 2018 13:50:06 GMT" time="1.446" errors="0">
  <testcase name="loginValidTest" time="1.446" classname="softvision.testNG.LoginTest"/>
</testsuite> <!-- softvision.testNG.LoginTest -->
