<?xml version="1.0" encoding="UTF-8"?>
<!-- Generated by org.testng.reporters.JUnitReportReporter -->
<testsuite skipped="0" hostname="SVRODK00097" name="test.automation.LoginTest" tests="2" failures="0" timestamp="25 Jul 2018 08:07:37 GMT" time="7.424" errors="0">
  <testcase name="validLoginTest" time="2.146" classname="test.automation.LoginTest"/>
  <testcase name="invalidLoginTest" time="5.278" classname="test.automation.LoginTest"/>
</testsuite> <!-- test.automation.LoginTest -->
