<?xml version="1.0" encoding="UTF-8"?>
<!-- Generated by org.testng.reporters.JUnitReportReporter -->
<testsuite skipped="0" hostname="SVRODK00097" name="APITest.BasicAuthentication" tests="2" failures="0" timestamp="27 Jul 2018 09:01:42 GMT" time="1.305" errors="0">
  <testcase name="noAuthentication" time="0.514" classname="APITest.BasicAuthentication"/>
  <testcase name="succsesAuthentication" time="0.791" classname="APITest.BasicAuthentication"/>
</testsuite> <!-- APITest.BasicAuthentication -->
