<?xml version="1.0" encoding="UTF-8"?>
<!-- Generated by org.testng.reporters.JUnitReportReporter -->
<testsuite skipped="0" hostname="SVRODK00097" name="test.automation.ContactPageTest" tests="2" failures="0" timestamp="25 Jul 2018 08:07:37 GMT" time="10.888" errors="0">
  <testcase name="sendError" time="7.488" classname="test.automation.ContactPageTest"/>
  <testcase name="verifyContactUsTitle" time="3.400" classname="test.automation.ContactPageTest"/>
</testsuite> <!-- test.automation.ContactPageTest -->
