<?xml version="1.0" encoding="UTF-8"?>
<!-- Generated by org.testng.reporters.JUnitReportReporter -->
<testsuite skipped="0" hostname="SVRODK00097" name="Test.HomeTest" tests="1" failures="0" timestamp="23 Jul 2018 14:03:20 GMT" time="3.798" errors="0">
  <testcase name="vaidHomePage" time="3.798" classname="Test.HomeTest"/>
</testsuite> <!-- Test.HomeTest -->
