<?xml version="1.0" encoding="UTF-8"?>
<!-- Generated by org.testng.reporters.JUnitReportReporter -->
<testsuite skipped="0" hostname="SVRODK00097" name="Test.LoginTest" tests="2" failures="0" timestamp="23 Jul 2018 13:15:32 GMT" time="6.511" errors="0">
  <testcase name="validLoginTest" time="2.711" classname="Test.LoginTest"/>
  <testcase name="invalidLoginTest" time="3.800" classname="Test.LoginTest"/>
</testsuite> <!-- Test.LoginTest -->
