<?xml version="1.0" encoding="UTF-8"?>
<!-- Generated by org.testng.reporters.JUnitReportReporter -->
<testsuite skipped="0" hostname="SVRODK00097" name="test.automation.HomeTest" tests="1" failures="0" timestamp="25 Jul 2018 08:07:37 GMT" time="4.752" errors="0">
  <testcase name="vaidHomePage" time="4.752" classname="test.automation.HomeTest"/>
</testsuite> <!-- test.automation.HomeTest -->
