<?xml version="1.0" encoding="UTF-8"?>
<!-- Generated by org.testng.reporters.JUnitReportReporter -->
<testsuite skipped="0" hostname="SVRODK00097" name="softvision.testNG.TestSection4" tests="1" failures="0" timestamp="19 Jul 2018 09:40:44 GMT" time="1.781" errors="0">
  <testcase name="sendError" time="1.781" classname="softvision.testNG.TestSection4"/>
</testsuite> <!-- softvision.testNG.TestSection4 -->
